[2025-10-14 06:19:00] [INFO] make_api_request: Request successful | Context: {"url":"https:\/\/courier.shipavecorp.com\/rpc\/public.v1.PublicService\/CreateCourierCustomer","method":"POST","http_code":200}
[2025-10-14 06:19:00] [INFO] push_customer_to_warehouse: Saved warehouse_customer_id | Context: {"customer_id":"5","warehouse_customer_id":"7ae30217-cbd8-4f63-b3c8-9b154cd1aa6c"}
[2025-10-14 06:23:37] [INFO] make_api_request: Request successful | Context: {"url":"https:\/\/courier.shipavecorp.com\/rpc\/public.v1.PublicService\/CreateCourierCustomer","method":"POST","http_code":200}
[2025-10-14 06:23:37] [INFO] push_customer_to_warehouse: Saved warehouse_customer_id | Context: {"customer_id":"6","warehouse_customer_id":"4c7de7e1-27b1-4f8e-886b-2907a8614898"}
[2025-10-16 06:46:35] [INFO] make_api_request: Request successful | Context: {"url":"https:\/\/hello.lyk.bio\/rpc\/public.v1.PublicService\/CreateCourierCustomer","method":"POST","http_code":200}
[2025-10-16 06:46:35] [INFO] push_customer_to_warehouse: Saved warehouse_customer_id | Context: {"customer_id":"7","warehouse_customer_id":"0e7373d7-c5ab-4ca1-a5cf-300415459e00"}
[2025-10-23 07:11:43] [INFO] make_api_request: Request successful | Context: {"url":"https:\/\/hello.lyk.bio\/rpc\/public.v1.PublicService\/CreateCourierCustomer","method":"POST","http_code":200}
[2025-10-23 07:11:43] [INFO] push_customer_to_warehouse: Saved warehouse_customer_id | Context: {"customer_id":"8","warehouse_customer_id":"1f94908a-fbba-4082-90d6-6f767c61680a"}
[2025-10-23 07:22:58] [INFO] make_api_request: Request successful | Context: {"url":"https:\/\/hello.lyk.bio\/rpc\/public.v1.PublicService\/CreateCourierCustomer","method":"POST","http_code":200}
[2025-10-23 07:22:58] [INFO] push_customer_to_warehouse: Saved warehouse_customer_id | Context: {"customer_id":"9","warehouse_customer_id":"1f8e63f9-ed44-44a7-8db6-d3218e1bdde5"}
[2025-10-23 07:25:46] [INFO] make_api_request: Request successful | Context: {"url":"https:\/\/hello.lyk.bio\/rpc\/public.v1.PublicService\/CreateCourierCustomer","method":"POST","http_code":200}
[2025-10-23 07:25:46] [INFO] push_customer_to_warehouse: Saved warehouse_customer_id | Context: {"customer_id":"10","warehouse_customer_id":"aff833fa-60db-4a75-8286-34c98a05ad79"}
[2025-10-23 07:28:16] [INFO] make_api_request: Request successful | Context: {"url":"https:\/\/hello.lyk.bio\/rpc\/public.v1.PublicService\/CreateCourierCustomer","method":"POST","http_code":200}
[2025-10-23 07:28:16] [INFO] push_customer_to_warehouse: Saved warehouse_customer_id | Context: {"customer_id":"11","warehouse_customer_id":"f069ca6f-3fb5-41e8-a6a9-329765adabb4"}
[2025-10-23 07:29:48] [INFO] make_api_request: Request successful | Context: {"url":"https:\/\/hello.lyk.bio\/rpc\/public.v1.PublicService\/CreateCourierCustomer","method":"POST","http_code":200}
[2025-10-23 07:29:48] [INFO] push_customer_to_warehouse: Saved warehouse_customer_id | Context: {"customer_id":"12","warehouse_customer_id":"6955a884-4d19-42cf-a048-5f1f56cadf65"}
[2025-10-23 07:31:35] [INFO] make_api_request: Request successful | Context: {"url":"https:\/\/hello.lyk.bio\/rpc\/public.v1.PublicService\/CreateCourierCustomer","method":"POST","http_code":200}
[2025-10-23 07:31:35] [INFO] push_customer_to_warehouse: Saved warehouse_customer_id | Context: {"customer_id":"13","warehouse_customer_id":"1ef16dff-3b57-4df5-8ba4-c461e8b47b5b"}
[2025-10-23 07:37:49] [INFO] make_api_request: Request successful | Context: {"url":"https:\/\/hello.lyk.bio\/rpc\/public.v1.PublicService\/CreateCourierCustomer","method":"POST","http_code":200}
[2025-10-23 07:37:49] [INFO] push_customer_to_warehouse: Saved warehouse_customer_id | Context: {"customer_id":"14","warehouse_customer_id":"7be4c1fa-f39d-455e-a570-dd464b9837a0"}
[2025-10-23 07:46:34] [INFO] make_api_request: Request successful | Context: {"url":"https:\/\/hello.lyk.bio\/rpc\/public.v1.PublicService\/CreateCourierCustomer","method":"POST","http_code":200}
[2025-10-23 07:46:34] [INFO] push_customer_to_warehouse: Saved warehouse_customer_id | Context: {"customer_id":"15","warehouse_customer_id":"43a0186e-ca99-4310-b48d-c3a1c6b1ca85"}
[2025-10-23 07:49:47] [INFO] make_api_request: Request successful | Context: {"url":"https:\/\/hello.lyk.bio\/rpc\/public.v1.PublicService\/CreateCourierCustomer","method":"POST","http_code":200}
[2025-10-23 07:49:47] [INFO] push_customer_to_warehouse: Saved warehouse_customer_id | Context: {"customer_id":"16","warehouse_customer_id":"79031962-73a3-4859-8e50-bbb0e5dbf1cd"}
[2025-10-24 04:38:23] [INFO] make_api_request: Returning cached response | Context: {"url":"https:\/\/hello.lyk.bio\/rpc\/public.v1.PublicService\/UpdateCourierCustomer"}
[2025-10-24 04:40:01] [INFO] make_api_request: Returning cached response | Context: {"url":"https:\/\/hello.lyk.bio\/rpc\/public.v1.PublicService\/UpdateCourierCustomer"}
[2025-10-24 04:40:02] [INFO] make_api_request: Request successful | Context: {"url":"https:\/\/hello.lyk.bio\/rpc\/public.v1.PublicService\/UpdateCourierCustomer","method":"POST","http_code":200}
[2025-10-24 13:29:20] [INFO] make_api_request: Request successful | Context: {"url":"https:\/\/hello.lyk.bio\/rpc\/public.v1.PublicService\/CreateCourierCustomer","method":"POST","http_code":200}
[2025-10-24 13:29:20] [INFO] push_customer_to_warehouse: Saved warehouse_customer_id | Context: {"customer_id":"19","warehouse_customer_id":"815021f1-ea7d-4915-ab6e-5f9245a1db7d"}
